         140    48713385
 ******
 cc-pVQZ                       
 cc-pVQZ.bas                                       
 06-cc-pVQZ                    
 06-cc-pVQZ                    
 01-cc-pVQZ                    
 01-cc-pVQZ                    
 nconts:   nRec:  
         140    48713385    48713385
   1   1         -63.56961760          18.64389180
   1   2           0.00000000           0.03422895
   1   3          -0.00000002           0.00000002
   1   4          -0.00000002           0.00000002
   2   1           0.00000000           0.03422895
   2   2         -63.47606159          18.71558216
   2   3          -0.00000002           0.00000002
   2   4          -0.00000002           0.00000002
   3   1          -0.00000002           0.00000002
   3   2          -0.00000002           0.00000002
   3   3         -63.52283960          18.61949692
   3   4           0.00000000           0.03422895
   4   1          -0.00000002           0.00000002
   4   2          -0.00000002           0.00000002
   4   3           0.00000000           0.03422895
   4   4         -63.52283960          18.61949692
 MSDFT HAM:
           1           1  -38.891950054735958     
           1           2   3.4228949362889040E-002
           1           3  -2.1288292117083484E-010
           1           4  -2.1288292117083484E-010
           2           1   3.4228949362889040E-002
           2           2  -38.726703679749832     
           2           3   1.8758688641862121E-010
           2           4   1.8758688641862121E-010
           3           1  -2.1288292117194657E-010
           3           2   1.8758688641970978E-010
           3           3  -38.869566923456532     
           3           4   3.4228949362889033E-002
           4           1  -2.1288292117194657E-010
           4           2   1.8758688641970978E-010
           4           3   3.4228949362889033E-002
           4           4  -38.869566923456532     
 MSDFT ENG:           1  -38.903795872819437     
 MSDFT ENG:           2  -38.898759591041298     
 MSDFT ENG:           3  -38.835337974093662     
 MSDFT ENG:           4  -38.719894143444549     
 CI COEFF
   6.5883901814082963E-021  -2.3848780282640191E-021  0.70710678118669446      -0.70710678118640102     
 CI COEFF
  0.98077993473511216      -0.19511719458056190        3.8692284486180581E-009   3.8692284486294682E-009
 CI COEFF
   5.7072195959234967E-009   6.4377265732671832E-010 -0.70710678118640102      -0.70710678118669457     
 CI COEFF
 -0.19511719458056187      -0.98077993473511271       -1.2338843493492355E-009  -1.2338843493483223E-009
  ------ Normal Termination with STEP 2.2.1 ------
 
 RHF STATE PART:
  One-electron   energy :  -63.569617602471268     
  Two-electron   energy :   18.643891797749554     
  Core & Nuclear energy :   6.0337757499857609     
  [- RHF state energy ] :  -38.891950054735950     
 
 MCSCF Part (orbital optimization):
 --------------------------------------------
    frozen orbitals:  0 
    closed orbitals:  0 
  occupied orbitals:  5 
 --------------------------------------------
    active orbitals:  5 
 --------------------------------------------
  external orbitals:135 
 --------------------------------------------
 
  Iter | -- RDM_ENERGY -- |  sum|R| |  Method 
  === Start to calculate RDM_energy === 
 Entering MXM           5
